Analysis & Synthesis report for EP3C16F484C6N_Cyclone_3
Fri Jun 27 21:51:21 2025
Quartus II 64-Bit Version 13.1.0 Build 162 10/23/2013 SJ Web Edition


---------------------
; Table of Contents ;
---------------------
  1. Legal Notice
  2. Analysis & Synthesis Summary
  3. Analysis & Synthesis Settings
  4. Parallel Compilation
  5. Analysis & Synthesis Source Files Read
  6. Analysis & Synthesis Resource Usage Summary
  7. Analysis & Synthesis Resource Utilization by Entity
  8. General Register Statistics
  9. Elapsed Time Per Partition
 10. Analysis & Synthesis Messages



----------------
; Legal Notice ;
----------------
Copyright (C) 1991-2013 Altera Corporation
Your use of Altera Corporation's design tools, logic functions 
and other software and tools, and its AMPP partner logic 
functions, and any output files from any of the foregoing 
(including device programming or simulation files), and any 
associated documentation or information are expressly subject 
to the terms and conditions of the Altera Program License 
Subscription Agreement, Altera MegaCore Function License 
Agreement, or other applicable license agreement, including, 
without limitation, that your use is for the sole purpose of 
programming logic devices manufactured by Altera and sold by 
Altera or its authorized distributors.  Please refer to the 
applicable agreement for further details.



+---------------------------------------------------------------------------------+
; Analysis & Synthesis Summary                                                    ;
+------------------------------------+--------------------------------------------+
; Analysis & Synthesis Status        ; Successful - Fri Jun 27 21:51:21 2025      ;
; Quartus II 64-Bit Version          ; 13.1.0 Build 162 10/23/2013 SJ Web Edition ;
; Revision Name                      ; EP3C16F484C6N_Cyclone_3                    ;
; Top-level Entity Name              ; Basic_Logic_Top                            ;
; Family                             ; Cyclone III                                ;
; Total logic elements               ; 3                                          ;
;     Total combinational functions  ; 3                                          ;
;     Dedicated logic registers      ; 0                                          ;
; Total registers                    ; 0                                          ;
; Total pins                         ; 11                                         ;
; Total virtual pins                 ; 0                                          ;
; Total memory bits                  ; 0                                          ;
; Embedded Multiplier 9-bit elements ; 0                                          ;
; Total PLLs                         ; 0                                          ;
+------------------------------------+--------------------------------------------+


+---------------------------------------------------------------------------------------------------------------------------+
; Analysis & Synthesis Settings                                                                                             ;
+----------------------------------------------------------------------------+--------------------+-------------------------+
; Option                                                                     ; Setting            ; Default Value           ;
+----------------------------------------------------------------------------+--------------------+-------------------------+
; Device                                                                     ; EP3C16F484C6       ;                         ;
; Top-level entity name                                                      ; Basic_Logic_Top    ; EP3C16F484C6N_Cyclone_3 ;
; Family name                                                                ; Cyclone III        ; Cyclone IV GX           ;
; Use smart compilation                                                      ; Off                ; Off                     ;
; Enable parallel Assembler and TimeQuest Timing Analyzer during compilation ; On                 ; On                      ;
; Enable compact report table                                                ; Off                ; Off                     ;
; Restructure Multiplexers                                                   ; Auto               ; Auto                    ;
; Create Debugging Nodes for IP Cores                                        ; Off                ; Off                     ;
; Preserve fewer node names                                                  ; On                 ; On                      ;
; Disable OpenCore Plus hardware evaluation                                  ; Off                ; Off                     ;
; Verilog Version                                                            ; Verilog_2001       ; Verilog_2001            ;
; VHDL Version                                                               ; VHDL_1993          ; VHDL_1993               ;
; State Machine Processing                                                   ; Auto               ; Auto                    ;
; Safe State Machine                                                         ; Off                ; Off                     ;
; Extract Verilog State Machines                                             ; On                 ; On                      ;
; Extract VHDL State Machines                                                ; On                 ; On                      ;
; Ignore Verilog initial constructs                                          ; Off                ; Off                     ;
; Iteration limit for constant Verilog loops                                 ; 5000               ; 5000                    ;
; Iteration limit for non-constant Verilog loops                             ; 250                ; 250                     ;
; Add Pass-Through Logic to Inferred RAMs                                    ; On                 ; On                      ;
; Infer RAMs from Raw Logic                                                  ; On                 ; On                      ;
; Parallel Synthesis                                                         ; On                 ; On                      ;
; DSP Block Balancing                                                        ; Auto               ; Auto                    ;
; NOT Gate Push-Back                                                         ; On                 ; On                      ;
; Power-Up Don't Care                                                        ; On                 ; On                      ;
; Remove Redundant Logic Cells                                               ; Off                ; Off                     ;
; Remove Duplicate Registers                                                 ; On                 ; On                      ;
; Ignore CARRY Buffers                                                       ; Off                ; Off                     ;
; Ignore CASCADE Buffers                                                     ; Off                ; Off                     ;
; Ignore GLOBAL Buffers                                                      ; Off                ; Off                     ;
; Ignore ROW GLOBAL Buffers                                                  ; Off                ; Off                     ;
; Ignore LCELL Buffers                                                       ; Off                ; Off                     ;
; Ignore SOFT Buffers                                                        ; On                 ; On                      ;
; Limit AHDL Integers to 32 Bits                                             ; Off                ; Off                     ;
; Optimization Technique                                                     ; Balanced           ; Balanced                ;
; Carry Chain Length                                                         ; 70                 ; 70                      ;
; Auto Carry Chains                                                          ; On                 ; On                      ;
; Auto Open-Drain Pins                                                       ; On                 ; On                      ;
; Perform WYSIWYG Primitive Resynthesis                                      ; Off                ; Off                     ;
; Auto ROM Replacement                                                       ; On                 ; On                      ;
; Auto RAM Replacement                                                       ; On                 ; On                      ;
; Auto DSP Block Replacement                                                 ; On                 ; On                      ;
; Auto Shift Register Replacement                                            ; Auto               ; Auto                    ;
; Allow Shift Register Merging across Hierarchies                            ; Auto               ; Auto                    ;
; Auto Clock Enable Replacement                                              ; On                 ; On                      ;
; Strict RAM Replacement                                                     ; Off                ; Off                     ;
; Allow Synchronous Control Signals                                          ; On                 ; On                      ;
; Force Use of Synchronous Clear Signals                                     ; Off                ; Off                     ;
; Auto RAM Block Balancing                                                   ; On                 ; On                      ;
; Auto RAM to Logic Cell Conversion                                          ; Off                ; Off                     ;
; Auto Resource Sharing                                                      ; Off                ; Off                     ;
; Allow Any RAM Size For Recognition                                         ; Off                ; Off                     ;
; Allow Any ROM Size For Recognition                                         ; Off                ; Off                     ;
; Allow Any Shift Register Size For Recognition                              ; Off                ; Off                     ;
; Use LogicLock Constraints during Resource Balancing                        ; On                 ; On                      ;
; Ignore translate_off and synthesis_off directives                          ; Off                ; Off                     ;
; Timing-Driven Synthesis                                                    ; On                 ; On                      ;
; Report Parameter Settings                                                  ; On                 ; On                      ;
; Report Source Assignments                                                  ; On                 ; On                      ;
; Report Connectivity Checks                                                 ; On                 ; On                      ;
; Ignore Maximum Fan-Out Assignments                                         ; Off                ; Off                     ;
; Synchronization Register Chain Length                                      ; 2                  ; 2                       ;
; PowerPlay Power Optimization                                               ; Normal compilation ; Normal compilation      ;
; HDL message level                                                          ; Level2             ; Level2                  ;
; Suppress Register Optimization Related Messages                            ; Off                ; Off                     ;
; Number of Removed Registers Reported in Synthesis Report                   ; 5000               ; 5000                    ;
; Number of Swept Nodes Reported in Synthesis Report                         ; 5000               ; 5000                    ;
; Number of Inverted Registers Reported in Synthesis Report                  ; 100                ; 100                     ;
; Clock MUX Protection                                                       ; On                 ; On                      ;
; Auto Gated Clock Conversion                                                ; Off                ; Off                     ;
; Block Design Naming                                                        ; Auto               ; Auto                    ;
; SDC constraint protection                                                  ; Off                ; Off                     ;
; Synthesis Effort                                                           ; Auto               ; Auto                    ;
; Shift Register Replacement - Allow Asynchronous Clear Signal               ; On                 ; On                      ;
; Pre-Mapping Resynthesis Optimization                                       ; Off                ; Off                     ;
; Analysis & Synthesis Message Level                                         ; Medium             ; Medium                  ;
; Disable Register Merging Across Hierarchies                                ; Auto               ; Auto                    ;
; Resource Aware Inference For Block RAM                                     ; On                 ; On                      ;
; Synthesis Seed                                                             ; 1                  ; 1                       ;
+----------------------------------------------------------------------------+--------------------+-------------------------+


Parallel compilation was disabled, but you have multiple processors available. Enable parallel compilation to reduce compilation time.
+-------------------------------------+
; Parallel Compilation                ;
+----------------------------+--------+
; Processors                 ; Number ;
+----------------------------+--------+
; Number detected on machine ; 4      ;
; Maximum allowed            ; 1      ;
+----------------------------+--------+


+----------------------------------------------------------------------------------------------------------------------------------------------------------------------------+
; Analysis & Synthesis Source Files Read                                                                                                                                     ;
+----------------------------------+-----------------+-----------------+-------------------------------------------------------------------------------------------+---------+
; File Name with User-Entered Path ; Used in Netlist ; File Type       ; File Name with Absolute Path                                                              ; Library ;
+----------------------------------+-----------------+-----------------+-------------------------------------------------------------------------------------------+---------+
; Basic_Logic/Basic_Logic_Top.vhd  ; yes             ; User VHDL File  ; C:/Users/Mtlantla/Desktop/EmberCore/Cyclone_III_FPGA_VHDL/Basic_Logic/Basic_Logic_Top.vhd ;         ;
; Basic_Logic/XOR_gate.vhd         ; yes             ; User VHDL File  ; C:/Users/Mtlantla/Desktop/EmberCore/Cyclone_III_FPGA_VHDL/Basic_Logic/XOR_gate.vhd        ;         ;
; Basic_Logic/XNOR_gate.vhd        ; yes             ; User VHDL File  ; C:/Users/Mtlantla/Desktop/EmberCore/Cyclone_III_FPGA_VHDL/Basic_Logic/XNOR_gate.vhd       ;         ;
; Basic_Logic/OR_Gate.vhd          ; yes             ; User VHDL File  ; C:/Users/Mtlantla/Desktop/EmberCore/Cyclone_III_FPGA_VHDL/Basic_Logic/OR_Gate.vhd         ;         ;
; Basic_Logic/NOR_gate.vhd         ; yes             ; User VHDL File  ; C:/Users/Mtlantla/Desktop/EmberCore/Cyclone_III_FPGA_VHDL/Basic_Logic/NOR_gate.vhd        ;         ;
; Basic_Logic/NAND_gate.vhd        ; yes             ; User VHDL File  ; C:/Users/Mtlantla/Desktop/EmberCore/Cyclone_III_FPGA_VHDL/Basic_Logic/NAND_gate.vhd       ;         ;
; Basic_Logic/Inverter.vhd         ; yes             ; User VHDL File  ; C:/Users/Mtlantla/Desktop/EmberCore/Cyclone_III_FPGA_VHDL/Basic_Logic/Inverter.vhd        ;         ;
; Basic_Logic/Driver.vhd           ; yes             ; User VHDL File  ; C:/Users/Mtlantla/Desktop/EmberCore/Cyclone_III_FPGA_VHDL/Basic_Logic/Driver.vhd          ;         ;
; Basic_Logic/AND_gate.vhd         ; yes             ; User VHDL File  ; C:/Users/Mtlantla/Desktop/EmberCore/Cyclone_III_FPGA_VHDL/Basic_Logic/AND_gate.vhd        ;         ;
+----------------------------------+-----------------+-----------------+-------------------------------------------------------------------------------------------+---------+


+-------------------------------------------------------+
; Analysis & Synthesis Resource Usage Summary           ;
+---------------------------------------------+---------+
; Resource                                    ; Usage   ;
+---------------------------------------------+---------+
; Estimated Total logic elements              ; 3       ;
;                                             ;         ;
; Total combinational functions               ; 3       ;
; Logic element usage by number of LUT inputs ;         ;
;     -- 4 input functions                    ; 0       ;
;     -- 3 input functions                    ; 0       ;
;     -- <=2 input functions                  ; 3       ;
;                                             ;         ;
; Logic elements by mode                      ;         ;
;     -- normal mode                          ; 3       ;
;     -- arithmetic mode                      ; 0       ;
;                                             ;         ;
; Total registers                             ; 0       ;
;     -- Dedicated logic registers            ; 0       ;
;     -- I/O registers                        ; 0       ;
;                                             ;         ;
; I/O pins                                    ; 11      ;
; Embedded Multiplier 9-bit elements          ; 0       ;
; Maximum fan-out node                        ; A~input ;
; Maximum fan-out                             ; 4       ;
; Total fan-out                               ; 25      ;
; Average fan-out                             ; 1.00    ;
+---------------------------------------------+---------+


+--------------------------------------------------------------------------------------------------------------------------------------------------------------------------------------------+
; Analysis & Synthesis Resource Utilization by Entity                                                                                                                                        ;
+----------------------------+-------------------+--------------+-------------+--------------+---------+-----------+------+--------------+------------------------------------+--------------+
; Compilation Hierarchy Node ; LC Combinationals ; LC Registers ; Memory Bits ; DSP Elements ; DSP 9x9 ; DSP 18x18 ; Pins ; Virtual Pins ; Full Hierarchy Name                ; Library Name ;
+----------------------------+-------------------+--------------+-------------+--------------+---------+-----------+------+--------------+------------------------------------+--------------+
; |Basic_Logic_Top           ; 3 (0)             ; 0 (0)        ; 0           ; 0            ; 0       ; 0         ; 11   ; 0            ; |Basic_Logic_Top                   ; work         ;
;    |AND_gate:AND_inst|     ; 1 (1)             ; 0 (0)        ; 0           ; 0            ; 0       ; 0         ; 0    ; 0            ; |Basic_Logic_Top|AND_gate:AND_inst ; work         ;
;    |OR_gate:OR_inst|       ; 1 (1)             ; 0 (0)        ; 0           ; 0            ; 0       ; 0         ; 0    ; 0            ; |Basic_Logic_Top|OR_gate:OR_inst   ; work         ;
;    |XOR_gate:XOR_inst|     ; 1 (1)             ; 0 (0)        ; 0           ; 0            ; 0       ; 0         ; 0    ; 0            ; |Basic_Logic_Top|XOR_gate:XOR_inst ; work         ;
+----------------------------+-------------------+--------------+-------------+--------------+---------+-----------+------+--------------+------------------------------------+--------------+
Note: For table entries with two numbers listed, the numbers in parentheses indicate the number of resources of the given type used by the specific entity alone. The numbers listed outside of parentheses indicate the total resources of the given type used by the specific entity and all of its sub-entities in the hierarchy.


+------------------------------------------------------+
; General Register Statistics                          ;
+----------------------------------------------+-------+
; Statistic                                    ; Value ;
+----------------------------------------------+-------+
; Total registers                              ; 0     ;
; Number of registers using Synchronous Clear  ; 0     ;
; Number of registers using Synchronous Load   ; 0     ;
; Number of registers using Asynchronous Clear ; 0     ;
; Number of registers using Asynchronous Load  ; 0     ;
; Number of registers using Clock Enable       ; 0     ;
; Number of registers using Preset             ; 0     ;
+----------------------------------------------+-------+


+-------------------------------+
; Elapsed Time Per Partition    ;
+----------------+--------------+
; Partition Name ; Elapsed Time ;
+----------------+--------------+
; Top            ; 00:00:00     ;
+----------------+--------------+


+-------------------------------+
; Analysis & Synthesis Messages ;
+-------------------------------+
Info: *******************************************************************
Info: Running Quartus II 64-Bit Analysis & Synthesis
    Info: Version 13.1.0 Build 162 10/23/2013 SJ Web Edition
    Info: Processing started: Fri Jun 27 21:51:17 2025
Info: Command: quartus_map --read_settings_files=on --write_settings_files=off EP3C16F484C6N_Cyclone_3 -c EP3C16F484C6N_Cyclone_3
Warning (20028): Parallel compilation is not licensed and has been disabled
Info (12021): Found 2 design units, including 1 entities, in source file basic_logic/basic_logic_top.vhd
    Info (12022): Found design unit 1: Basic_Logic_Top-Structural
    Info (12023): Found entity 1: Basic_Logic_Top
Info (12021): Found 2 design units, including 1 entities, in source file basic_logic/xor_gate.vhd
    Info (12022): Found design unit 1: XOR_gate-XOR_gate_arch
    Info (12023): Found entity 1: XOR_gate
Info (12021): Found 3 design units, including 1 entities, in source file basic_logic/xnor_gate.vhd
    Info (12022): Found design unit 1: XNOR_L-xnor_l
    Info (12022): Found design unit 2: XNOR_L-conccurent
    Info (12023): Found entity 1: XNOR_L
Info (12021): Found 3 design units, including 1 entities, in source file basic_logic/or_gate.vhd
    Info (12022): Found design unit 1: OR_gate-OR_gate
    Info (12022): Found design unit 2: OR_gate-concurent
    Info (12023): Found entity 1: OR_gate
Info (12021): Found 3 design units, including 1 entities, in source file basic_logic/nor_gate.vhd
    Info (12022): Found design unit 1: NOR_gate-NOR_gate
    Info (12022): Found design unit 2: NOR_gate-concurent
    Info (12023): Found entity 1: NOR_gate
Info (12021): Found 3 design units, including 1 entities, in source file basic_logic/nand_gate.vhd
    Info (12022): Found design unit 1: NAND_gate-NAND_gate
    Info (12022): Found design unit 2: NAND_gate-concurent
    Info (12023): Found entity 1: NAND_gate
Info (12021): Found 3 design units, including 1 entities, in source file basic_logic/inverter.vhd
    Info (12022): Found design unit 1: Inverter-inverter
    Info (12022): Found design unit 2: Inverter-cocurrent
    Info (12023): Found entity 1: Inverter
Info (12021): Found 3 design units, including 1 entities, in source file basic_logic/driver.vhd
    Info (12022): Found design unit 1: Driver-driver
    Info (12022): Found design unit 2: Driver-concurrent
    Info (12023): Found entity 1: Driver
Info (12021): Found 3 design units, including 1 entities, in source file basic_logic/and_gate.vhd
    Info (12022): Found design unit 1: AND_gate-AND_gate
    Info (12022): Found design unit 2: AND_gate-concurent
    Info (12023): Found entity 1: AND_gate
Info (12127): Elaborating entity "Basic_Logic_Top" for the top level hierarchy
Info (12128): Elaborating entity "AND_gate" for hierarchy "AND_gate:AND_inst"
Info (12128): Elaborating entity "OR_gate" for hierarchy "OR_gate:OR_inst"
Info (12128): Elaborating entity "NAND_gate" for hierarchy "NAND_gate:NAND_inst"
Info (12128): Elaborating entity "NOR_gate" for hierarchy "NOR_gate:NOR_inst"
Info (12128): Elaborating entity "XOR_gate" for hierarchy "XOR_gate:XOR_inst"
Info (12128): Elaborating entity "XNOR_L" for hierarchy "XNOR_L:XNOR_inst"
Info (12128): Elaborating entity "Inverter" for hierarchy "Inverter:INV_inst"
Info (12128): Elaborating entity "Driver" for hierarchy "Driver:DRV_inst"
Info (286030): Timing-Driven Synthesis is running
Info (16010): Generating hard_block partition "hard_block:auto_generated_inst"
    Info (16011): Adding 0 node(s), including 0 DDIO, 0 PLL, 0 transceiver and 0 LCELL
Info (21057): Implemented 14 device resources after synthesis - the final resource count might be different
    Info (21058): Implemented 3 input pins
    Info (21059): Implemented 8 output pins
    Info (21061): Implemented 3 logic cells
Info: Quartus II 64-Bit Analysis & Synthesis was successful. 0 errors, 1 warning
    Info: Peak virtual memory: 4664 megabytes
    Info: Processing ended: Fri Jun 27 21:51:21 2025
    Info: Elapsed time: 00:00:04
    Info: Total CPU time (on all processors): 00:00:01


